# JRE version: Java(TM) SE Runtime Environment (8.0_191-b12) (build 1.8.0_191-b12)
# Java VM: Java HotSpot(TM) 64-Bit Server VM (25.191-b12 mixed mode windows-amd64 compressed oops)
Heap:
 PSYoungGen      total 75776K, used 32496K [0x000000076b600000, 0x0000000770a80000, 0x00000007c0000000)
  eden space 65024K, 46% used [0x000000076b600000,0x000000076d3cea00,0x000000076f580000)
  from space 10752K, 18% used [0x0000000770000000,0x00000007701ed778,0x0000000770a80000)
  to   space 10752K, 0% used [0x000000076f580000,0x000000076f580000,0x0000000770000000)
 ParOldGen       total 115200K, used 16543K [0x00000006c2200000, 0x00000006c9280000, 0x000000076b600000)
  object space 115200K, 14% used [0x00000006c2200000,0x00000006c3227d78,0x00000006c9280000)
 Metaspace       used 22554K, capacity 22906K, committed 23216K, reserved 1069056K
  class space    used 2698K, capacity 2805K, committed 2816K, reserved 1048576K
GC Heap History (10 events):
Event: 2.333 GC heap before
{Heap before GC invocations=1 (full 0):
 PSYoungGen      total 75776K, used 65024K [0x000000076b600000, 0x0000000770a80000, 0x00000007c0000000)
  eden space 65024K, 100% used [0x000000076b600000,0x000000076f580000,0x000000076f580000)
  from space 10752K, 0% used [0x0000000770000000,0x0000000770000000,0x0000000770a80000)
  to   space 10752K, 0% used [0x000000076f580000,0x000000076f580000,0x0000000770000000)
 ParOldGen       total 173568K, used 0K [0x00000006c2200000, 0x00000006ccb80000, 0x000000076b600000)
  object space 173568K, 0% used [0x00000006c2200000,0x00000006c2200000,0x00000006ccb80000)
 Metaspace       used 17955K, capacity 18148K, committed 18432K, reserved 1064960K
  class space    used 2240K, capacity 2304K, committed 2304K, reserved 1048576K
Event: 2.341 GC heap after
Heap after GC invocations=1 (full 0):
 PSYoungGen      total 75776K, used 8764K [0x000000076b600000, 0x0000000770a80000, 0x00000007c0000000)
  eden space 65024K, 0% used [0x000000076b600000,0x000000076b600000,0x000000076f580000)
  from space 10752K, 81% used [0x000000076f580000,0x000000076fe0f328,0x0000000770000000)
  to   space 10752K, 0% used [0x0000000770000000,0x0000000770000000,0x0000000770a80000)
 ParOldGen       total 173568K, used 160K [0x00000006c2200000, 0x00000006ccb80000, 0x000000076b600000)
  object space 173568K, 0% used [0x00000006c2200000,0x00000006c2228020,0x00000006ccb80000)
 Metaspace       used 17955K, capacity 18148K, committed 18432K, reserved 1064960K
  class space    used 2240K, capacity 2304K, committed 2304K, reserved 1048576K
}
Event: 408.336 GC heap before
{Heap before GC invocations=2 (full 0):
 PSYoungGen      total 75776K, used 47322K [0x000000076b600000, 0x0000000770a80000, 0x00000007c0000000)
  eden space 65024K, 59% used [0x000000076b600000,0x000000076dba76d8,0x000000076f580000)
  from space 10752K, 81% used [0x000000076f580000,0x000000076fe0f328,0x0000000770000000)
  to   space 10752K, 0% used [0x0000000770000000,0x0000000770000000,0x0000000770a80000)
 ParOldGen       total 173568K, used 160K [0x00000006c2200000, 0x00000006ccb80000, 0x000000076b600000)
  object space 173568K, 0% used [0x00000006c2200000,0x00000006c2228020,0x00000006ccb80000)
 Metaspace       used 20789K, capacity 21032K, committed 21296K, reserved 1069056K
  class space    used 2576K, capacity 2662K, committed 2688K, reserved 1048576K
Event: 408.355 GC heap after
Heap after GC invocations=2 (full 0):
 PSYoungGen      total 75776K, used 10745K [0x000000076b600000, 0x0000000770a80000, 0x00000007c0000000)
  eden space 65024K, 0% used [0x000000076b600000,0x000000076b600000,0x000000076f580000)
  from space 10752K, 99% used [0x0000000770000000,0x0000000770a7e430,0x0000000770a80000)
  to   space 10752K, 0% used [0x000000076f580000,0x000000076f580000,0x0000000770000000)
 ParOldGen       total 173568K, used 26938K [0x00000006c2200000, 0x00000006ccb80000, 0x000000076b600000)
  object space 173568K, 15% used [0x00000006c2200000,0x00000006c3c4ea60,0x00000006ccb80000)
 Metaspace       used 20789K, capacity 21032K, committed 21296K, reserved 1069056K
  class space    used 2576K, capacity 2662K, committed 2688K, reserved 1048576K
}
Event: 408.355 GC heap before
{Heap before GC invocations=3 (full 1):
 PSYoungGen      total 75776K, used 10745K [0x000000076b600000, 0x0000000770a80000, 0x00000007c0000000)
  eden space 65024K, 0% used [0x000000076b600000,0x000000076b600000,0x000000076f580000)
  from space 10752K, 99% used [0x0000000770000000,0x0000000770a7e430,0x0000000770a80000)
  to   space 10752K, 0% used [0x000000076f580000,0x000000076f580000,0x0000000770000000)
 ParOldGen       total 173568K, used 26938K [0x00000006c2200000, 0x00000006ccb80000, 0x000000076b600000)
  object space 173568K, 15% used [0x00000006c2200000,0x00000006c3c4ea60,0x00000006ccb80000)
 Metaspace       used 20789K, capacity 21032K, committed 21296K, reserved 1069056K
  class space    used 2576K, capacity 2662K, committed 2688K, reserved 1048576K
Event: 408.384 GC heap after
Heap after GC invocations=3 (full 1):
 PSYoungGen      total 75776K, used 0K [0x000000076b600000, 0x0000000770a80000, 0x00000007c0000000)
  eden space 65024K, 0% used [0x000000076b600000,0x000000076b600000,0x000000076f580000)
  from space 10752K, 0% used [0x0000000770000000,0x0000000770000000,0x0000000770a80000)
  to   space 10752K, 0% used [0x000000076f580000,0x000000076f580000,0x0000000770000000)
 ParOldGen       total 115200K, used 16527K [0x00000006c2200000, 0x00000006c9280000, 0x000000076b600000)
  object space 115200K, 14% used [0x00000006c2200000,0x00000006c3223d78,0x00000006c9280000)
 Metaspace       used 20789K, capacity 21032K, committed 21296K, reserved 1069056K
  class space    used 2576K, capacity 2662K, committed 2688K, reserved 1048576K
}
Event: 2116.613 GC heap before
{Heap before GC invocations=4 (full 1):
 PSYoungGen      total 75776K, used 65024K [0x000000076b600000, 0x0000000770a80000, 0x00000007c0000000)
  eden space 65024K, 100% used [0x000000076b600000,0x000000076f580000,0x000000076f580000)
  from space 10752K, 0% used [0x0000000770000000,0x0000000770000000,0x0000000770a80000)
  to   space 10752K, 0% used [0x000000076f580000,0x000000076f580000,0x0000000770000000)
 ParOldGen       total 115200K, used 16527K [0x00000006c2200000, 0x00000006c9280000, 0x000000076b600000)
  object space 115200K, 14% used [0x00000006c2200000,0x00000006c3223d78,0x00000006c9280000)
 Metaspace       used 21809K, capacity 22202K, committed 22448K, reserved 1069056K
  class space    used 2636K, capacity 2741K, committed 2816K, reserved 1048576K
Event: 2116.618 GC heap after
Heap after GC invocations=4 (full 1):
 PSYoungGen      total 75776K, used 1462K [0x000000076b600000, 0x0000000770a80000, 0x00000007c0000000)
  eden space 65024K, 0% used [0x000000076b600000,0x000000076b600000,0x000000076f580000)
  from space 10752K, 13% used [0x000000076f580000,0x000000076f6eda68,0x0000000770000000)
  to   space 10752K, 0% used [0x0000000770000000,0x0000000770000000,0x0000000770a80000)
 ParOldGen       total 115200K, used 16535K [0x00000006c2200000, 0x00000006c9280000, 0x000000076b600000)
  object space 115200K, 14% used [0x00000006c2200000,0x00000006c3225d78,0x00000006c9280000)
 Metaspace       used 21809K, capacity 22202K, committed 22448K, reserved 1069056K
  class space    used 2636K, capacity 2741K, committed 2816K, reserved 1048576K
}
Event: 11339.835 GC heap before
{Heap before GC invocations=5 (full 1):
 PSYoungGen      total 75776K, used 66486K [0x000000076b600000, 0x0000000770a80000, 0x00000007c0000000)
  eden space 65024K, 100% used [0x000000076b600000,0x000000076f580000,0x000000076f580000)
  from space 10752K, 13% used [0x000000076f580000,0x000000076f6eda68,0x0000000770000000)
  to   space 10752K, 0% used [0x0000000770000000,0x0000000770000000,0x0000000770a80000)
 ParOldGen       total 115200K, used 16535K [0x00000006c2200000, 0x00000006c9280000, 0x000000076b600000)
  object space 115200K, 14% used [0x00000006c2200000,0x00000006c3225d78,0x00000006c9280000)
 Metaspace       used 22470K, capacity 22842K, committed 22960K, reserved 1069056K
  class space    used 2696K, capacity 2805K, committed 2816K, reserved 1048576K
Event: 11339.840 GC heap after
Heap after GC invocations=5 (full 1):
 PSYoungGen      total 75776K, used 1973K [0x000000076b600000, 0x0000000770a80000, 0x00000007c0000000)
  eden space 65024K, 0% used [0x000000076b600000,0x000000076b600000,0x000000076f580000)
  from space 10752K, 18% used [0x0000000770000000,0x00000007701ed778,0x0000000770a80000)
  to   space 10752K, 0% used [0x000000076f580000,0x000000076f580000,0x0000000770000000)
 ParOldGen       total 115200K, used 16543K [0x00000006c2200000, 0x00000006c9280000, 0x000000076b600000)
  object space 115200K, 14% used [0x00000006c2200000,0x00000006c3227d78,0x00000006c9280000)
 Metaspace       used 22470K, capacity 22842K, committed 22960K, reserved 1069056K
  class space    used 2696K, capacity 2805K, committed 2816K, reserved 1048576K
}

